[debug] [2026-04-21T19:28:42.438Z] ----------------------------------------------------------------------
[debug] [2026-04-21T19:28:42.441Z] Command:       C:\Program Files\nodejs\node.exe C:\Users\marco\AppData\Roaming\npm\node_modules\firebase-tools\lib\bin\firebase.js deploy --only firestore:rules
[debug] [2026-04-21T19:28:42.441Z] CLI Version:   15.15.0
[debug] [2026-04-21T19:28:42.441Z] Platform:      win32
[debug] [2026-04-21T19:28:42.441Z] Node Version:  v24.14.1
[debug] [2026-04-21T19:28:42.441Z] Time:          Tue Apr 21 2026 16:28:42 GMT-0300 (Horário Padrão de Brasília)
[debug] [2026-04-21T19:28:42.441Z] ----------------------------------------------------------------------
[debug] 
[debug] [2026-04-21T19:28:43.790Z] > command requires scopes: ["email","openid","https://www.googleapis.com/auth/cloudplatformprojects.readonly","https://www.googleapis.com/auth/firebase","https://www.googleapis.com/auth/cloud-platform"]
[debug] [2026-04-21T19:28:43.790Z] > authorizing via signed-in user (marco@crias.ai)
[debug] [2026-04-21T19:28:43.790Z] [iam] checking project temvaga-7f0f6 for permissions ["datastore.indexes.create","datastore.indexes.delete","datastore.indexes.list","datastore.indexes.update","firebase.projects.get"]
[debug] [2026-04-21T19:28:43.791Z] Checked if tokens are valid: false, expires at: 1776388817294
[debug] [2026-04-21T19:28:43.791Z] Checked if tokens are valid: false, expires at: 1776388817294
[debug] [2026-04-21T19:28:43.791Z] > refreshing access token with scopes: []
[debug] [2026-04-21T19:28:43.804Z] >>> [apiv2][query] POST https://www.googleapis.com/oauth2/v3/token [none]
[debug] [2026-04-21T19:28:43.804Z] >>> [apiv2][body] POST https://www.googleapis.com/oauth2/v3/token [omitted]
[debug] [2026-04-21T19:28:44.033Z] <<< [apiv2][status] POST https://www.googleapis.com/oauth2/v3/token 400
[debug] [2026-04-21T19:28:44.033Z] <<< [apiv2][body] POST https://www.googleapis.com/oauth2/v3/token [omitted]
[error] Authentication Error: Your credentials are no longer valid. Please run firebase login --reauth

For CI servers and headless environments, generate a new token with firebase login:ci
[error] Authentication Error: Your credentials are no longer valid. Please run firebase login --reauth

For CI servers and headless environments, generate a new token with firebase login:ci
[debug] [2026-04-21T19:28:44.034Z] [iam] error while checking permissions, command may fail: Authentication Error: Your credentials are no longer valid. Please run firebase login --reauth

For CI servers and headless environments, generate a new token with firebase login:ci
[info] 
[info] === Deploying to 'temvaga-7f0f6'...
[info] 
[info] i  deploying firestore 
[info] i  firestore: ensuring required API firestore.googleapis.com is enabled... 
[debug] [2026-04-21T19:28:44.036Z] Checked if tokens are valid: false, expires at: 1776388817294
[debug] [2026-04-21T19:28:44.036Z] Checked if tokens are valid: false, expires at: 1776388817294
[debug] [2026-04-21T19:28:44.036Z] > refreshing access token with scopes: []
[debug] [2026-04-21T19:28:44.036Z] >>> [apiv2][query] POST https://www.googleapis.com/oauth2/v3/token [none]
[debug] [2026-04-21T19:28:44.036Z] >>> [apiv2][body] POST https://www.googleapis.com/oauth2/v3/token [omitted]
[debug] [2026-04-21T19:28:44.146Z] <<< [apiv2][status] POST https://www.googleapis.com/oauth2/v3/token 400
[debug] [2026-04-21T19:28:44.146Z] <<< [apiv2][body] POST https://www.googleapis.com/oauth2/v3/token [omitted]
[error] Authentication Error: Your credentials are no longer valid. Please run firebase login --reauth

For CI servers and headless environments, generate a new token with firebase login:ci
[error] Authentication Error: Your credentials are no longer valid. Please run firebase login --reauth

For CI servers and headless environments, generate a new token with firebase login:ci
[error] 
[error] Error: Authentication Error: Your credentials are no longer valid. Please run firebase login --reauth

For CI servers and headless environments, generate a new token with firebase login:ci
[debug] [2026-04-21T19:28:44.595Z] Error: EBUSY: resource busy or locked, unlink 'C:\derik_development\Temvaga\firebase-debug.log'
    at Object.unlinkSync (node:fs:1931:11)
    at process.<anonymous> (C:\Users\marco\AppData\Roaming\npm\node_modules\firebase-tools\lib\bin\cli.js:44:16)
    at process.emit (node:events:520:35)
    at process.exit (node:internal/process/per_thread:236:15)
    at Timeout._onTimeout (C:\Users\marco\AppData\Roaming\npm\node_modules\firebase-tools\lib\errorOut.js:20:17)
    at listOnTimeout (node:internal/timers:605:17)
    at process.processTimers (node:internal/timers:541:7)
[error] 
[error] Error: An unexpected error has occurred.
